build/app/outputs/mapping/release/seeds.txt
com.vapual.MainActivity
com.vapual.MainActivity: MainActivity()
...
com.google.android.gms.internal.ads.zzady: android.os.Parcelable$Creator CREATOR
com.google.ads.mediation.AbstractAdViewAdapter: AbstractAdViewAdapter()
com.google.android.gms.internal.ads.zzcb: int zzq
io.flutter.embedding.engine.FlutterJNI: void loadDartDeferredLibrary(int,java.lang.String[])
com.google.android.gms.internal.ads.zzepk: com.google.android.gms.internal.ads.zzepk zzf
com.google.android.gms.internal.ads.zzdc: long zzav
com.google.android.gms.internal.ads.zzvm: com.google.android.gms.internal.ads.zzetq zzf
io.flutter.embedding.engine.FlutterJNI: void markTextureFrameAvailable(long)
io.flutter.embedding.engine.FlutterJNI: void nativeCleanupMessageData(long)
com.google.android.gms.internal.ads.zzhs: com.google.android.gms.internal.ads.zzesf zzf
com.google.android.gms.internal.ads.zzeng: com.google.android.gms.internal.ads.zzeng zzg
com.google.android.gms.internal.ads.zzxo: com.google.android.gms.internal.ads.zzxo zzh
com.google.android.gms.ads.admanager.AdManagerAdView: void setAdSizes(com.google.android.gms.ads.AdSize[])
com.google.android.gms.internal.ads.zzwc: com.google.android.gms.internal.ads.zzxi zzh
com.google.android.gms.internal.ads.zzcb: long zzf
com.google.android.gms.internal.ads.zzwo: int zzf
com.google.android.exoplayer2.metadata.scte35.SpliceNullCommand: android.os.Parcelable$Creator CREATOR
com.facebook.appevents.AccessTokenAppIdPair: java.lang.Object writeReplace()
com.google.android.gms.internal.ads.zzdc: long zzP
io.flutter.embedding.engine.FlutterJNI: void ensureRunningOnMainThread()
com.google.android.gms.internal.ads.zzwq: com.google.android.gms.internal.ads.zzwq zzg
com.onesignal.BootUpReceiver: BootUpReceiver()
com.google.android.gms.internal.ads.zzexo: int zze
androidx.appcompat.widget.ActionBarContextView: java.lang.CharSequence getSubtitle()
com.google.firebase.provider.FirebaseInitProvider
io.flutter.embedding.engine.FlutterJNI: void onPreEngineRestart()
com.google.android.gms.internal.ads.zzhs: com.google.android.gms.internal.ads.zzhs zzh
com.google.android.gms.internal.ads.zzekq: com.google.android.gms.internal.ads.zzekq zze
com.google.android.gms.ads.nativead.NativeAdView: void setAdvertiserView(android.view.View)
com.google.android.gms.ads.mediation.customevent.CustomEventAdapter: void requestInterstitialAd(android.content.Context,com.google.android.gms.ads.mediation.MediationInterstitialListener,android.os.Bundle,com.google.android.gms.ads.mediation.MediationAdRequest,android.os.Bundle)
com.google.android.gms.internal.ads.zzekz: com.google.android.gms.internal.ads.zzekz zzg
com.google.android.gms.ads.mediation.customevent.CustomEventAdapter: void onPause()
com.google.android.gms.internal.ads.zzde: com.google.android.gms.internal.ads.zzetm zzh
io.flutter.embedding.engine.FlutterJNI: boolean prefetchDefaultFontManagerCalled
com.google.android.gms.ads.internal.util.WorkManagerUtil
androidx.cardview.widget.CardView: float getRadius()
com.google.android.gms.internal.ads.zzvk: com.google.android.gms.internal.ads.zzetq zzf
androidx.work.ListenableWorker: ListenableWorker(android.content.Context,androidx.work.WorkerParameters)
io.flutter.view.AccessibilityViewEmbedder: boolean requestSendAccessibilityEvent(android.view.View,android.view.View,android.view.accessibility.AccessibilityEvent)
io.flutter.embedding.engine.FlutterJNI: void ensureAttachedToNative()
com.google.common.collect.ImmutableSet$SerializedForm
com.google.android.gms.internal.ads.zzekn: int zzb
com.google.android.gms.internal.ads.zzwg: int zzg
android.support.v4.media.MediaMetadataCompat: android.os.Parcelable$Creator CREATOR
com.onesignal.JobIntentService$JobServiceEngineImpl$WrapperWorkItem: com.onesignal.JobIntentService$JobServiceEngineImpl this$0
com.google.android.gms.dynamite.DynamiteModule$DynamiteLoaderClassLoader: java.lang.ClassLoader sClassLoader
androidx.appcompat.widget.AppCompatEditText: android.text.Editable getText()
com.google.android.gms.internal.ads.zzeng: com.google.android.gms.internal.ads.zzesf zzf