build/app/outputs/mapping/release/mapping.txt
# compiler: R8
# compiler_version: 2.1.62
# min_api: 21
# pg_map_id: 382b57a
# common_typos_disable
...
com.google.android.gms.internal.ads.zzyp -> com.google.android.gms.internal.ads.y53:
    com.google.android.gms.ads.AdLoadCallback zza -> d
    java.lang.Object zzb -> e
    void zzc(com.google.android.gms.internal.ads.zzym) -> Z4
    void zzb() -> a
com.google.android.gms.internal.ads.zzyq -> com.google.android.gms.internal.ads.z53:
    java.lang.Object getRemoteCreator(android.os.IBinder) -> a
    com.google.android.gms.internal.ads.zzaaq zza(android.content.Context,java.lang.String,com.google.android.gms.internal.ads.zzaqb) -> c
com.google.android.gms.internal.ads.zzyr -> com.google.android.gms.internal.ads.a63:
    java.lang.Object getRemoteCreator(android.os.IBinder) -> a
    com.google.android.gms.internal.ads.zzaau zza(android.content.Context,com.google.android.gms.internal.ads.zzyx,java.lang.String,com.google.android.gms.internal.ads.zzaqb,int) -> c
com.google.android.gms.internal.ads.zzys -> com.google.android.gms.internal.ads.b63:
    java.util.List zzo -> r
    boolean zzf -> i
    int zzg -> j
    long zzb -> e
    com.google.android.gms.internal.ads.zzadu zzj -> m
    com.google.android.gms.internal.ads.zzyk zzs -> v
    boolean zzh -> k
    java.lang.String zzi -> l
    java.lang.String zzl -> o
    boolean zzr -> u
    android.os.Bundle zzc -> f
    int zzd -> g
    java.util.List zzv -> y
    int zza -> d
    java.lang.String zzp -> s
    java.lang.String zzq -> t
    android.location.Location zzk -> n
    android.os.Bundle zzn -> q
    android.os.Bundle zzm -> p
    java.lang.String zzu -> x
    int zzw -> z
    int zzt -> w
    java.util.List zze -> h
com.google.android.gms.internal.ads.zzyt -> com.google.android.gms.internal.ads.c63:
    java.util.List zzb -> b
    android.os.Bundle zza -> a
    java.lang.String zzi -> i
    int zzk -> k
    android.os.Bundle zze -> e
    int zzh -> h
    java.util.List zzj -> j
    android.os.Bundle zzf -> f
    int zzd -> d
    java.util.List zzg -> g
    boolean zzc -> c
    com.google.android.gms.internal.ads.zzys zza() -> a
    com.google.android.gms.internal.ads.zzyt zzb(android.os.Bundle) -> b
    com.google.android.gms.internal.ads.zzyt zzc(java.util.List) -> c
    com.google.android.gms.internal.ads.zzyt zzd(boolean) -> d
    com.google.android.gms.internal.ads.zzyt zze(int) -> e
    com.google.android.gms.internal.ads.zzyt zzf(int) -> f
    com.google.android.gms.internal.ads.zzyt zzg(java.lang.String) -> g
    com.google.android.gms.internal.ads.zzyt zzh(int) -> h
com.google.android.gms.internal.ads.zzyu -> com.google.android.gms.internal.ads.d63:
com.google.android.gms.internal.ads.zzyv -> com.google.android.gms.internal.ads.e63:
    java.util.Comparator zza -> d
com.google.android.gms.internal.ads.zzyw -> com.google.android.gms.internal.ads.f63:
    com.google.android.gms.internal.ads.zzyw zza -> a
    com.google.android.gms.internal.ads.zzys zza(android.content.Context,com.google.android.gms.internal.ads.zzacq) -> a
com.google.android.gms.internal.ads.zzyx -> com.google.android.gms.internal.ads.g63:
    boolean zzj -> m
    boolean zzk -> n
    boolean zzl -> o
    com.google.android.gms.internal.ads.zzyx[] zzg -> j
    boolean zzm -> p
    int zze -> h
    boolean zzh -> k
    int zzf -> i
    boolean zzi -> l
    int zzc -> f
    int zzb -> e
    boolean zzn -> q
    boolean zzo -> r
    boolean zzd -> g
    java.lang.String zza -> d
    int zza(android.util.DisplayMetrics) -> g
    com.google.android.gms.internal.ads.zzyx zzb() -> h
    com.google.android.gms.internal.ads.zzyx zzc() -> i
    com.google.android.gms.internal.ads.zzyx zzd() -> j
    com.google.android.gms.internal.ads.zzyx zze() -> k
    int zzf(android.util.DisplayMetrics) -> l
com.google.android.gms.internal.ads.zzyy -> com.google.android.gms.internal.ads.h63: