build/app/outputs/mapping/release/usage.txt
com.vapual.R$color
com.vapual.R$dimen
com.vapual.R$interpolator
com.vapual.BuildConfig
com.vapual.R$integer
com.vapual.R$styleable
com.vapual.R$xml
com.vapual.R$string
com.vapual.R$mipmap
com.vapual.R$style
com.vapual.R$anim
com.vapual.R$id
com.vapual.R
com.vapual.R$bool
com.vapual.R$layout
com.vapual.R$raw
com.vapual.R$drawable
com.vapual.R$attr
...
com.google.common.cache.LocalCache$AbstractReferenceEntry
com.google.common.hash.MessageDigestHashFunction$1
com.google.android.exoplayer2.extractor.amr.package-info
com.google.common.collect.TreeRangeSet
com.google.android.gms.internal.auth.zzax
com.google.android.gms.internal.common.zzi
androidx.core.widget.TextViewOnReceiveContentListener$ApiImpl
com.google.android.exoplayer2.trackselection.package-info
com.google.common.collect.Sets$3$1
com.google.android.gms.internal.auth-api.zbas
com.google.common.collect.EmptyContiguousSet
com.google.android.gms.internal.consent_sdk.zzbn
com.google.android.exoplayer2.text.package-info
com.google.common.reflect.TypeToken$TypeCollector$ForwardingTypeCollector
com.google.common.util.concurrent.CycleDetectingLockFactory$1
com.google.android.exoplayer2.extractor.wav.WavHeaderReader$ChunkHeader:
    public static final int SIZE_IN_BYTES
com.google.common.util.concurrent.InterruptibleTask$1
androidx.media.VolumeProviderCompat$ControlType
com.google.common.collect.Tables$ImmutableCell
androidx.tracing.R
com.onesignal.shortcutbadger.impl.OPPOHomeBader:
    private static final java.lang.String PROVIDER_CONTENT_URI
    private static final java.lang.String INTENT_ACTION
    private static final java.lang.String INTENT_EXTRA_PACKAGENAME
    private static final java.lang.String INTENT_EXTRA_BADGE_COUNT
    private static final java.lang.String INTENT_EXTRA_BADGE_UPGRADENUMBER
    private static final java.lang.String INTENT_EXTRA_BADGEUPGRADE_COUNT
com.onesignal.flutter.R$integer
io.flutter.embedding.android.FlutterFragment
com.google.android.exoplayer2.C$PcmEncoding
com.google.android.gms.internal.consent_sdk.zzak
androidx.cursoradapter.widget.SimpleCursorAdapter$ViewBinder
android.support.v4.media.session.IMediaSession:
    public abstract void sendCommand(java.lang.String,android.os.Bundle,android.support.v4.media.session.MediaSessionCompat$ResultReceiverWrapper)
    public abstract boolean sendMediaButton(android.view.KeyEvent)
    public abstract void unregisterCallbackListener(android.support.v4.media.session.IMediaControllerCallback)
    public abstract boolean isTransportControlEnabled()
    public abstract java.lang.String getPackageName()
    public abstract java.lang.String getTag()
    public abstract android.app.PendingIntent getLaunchPendingIntent()
    public abstract long getFlags()
    public abstract android.support.v4.media.session.ParcelableVolumeInfo getVolumeAttributes()
    public abstract void adjustVolume(int,int,java.lang.String)
    public abstract void setVolumeTo(int,int,java.lang.String)
    public abstract android.support.v4.media.MediaMetadataCompat getMetadata()
    public abstract android.support.v4.media.session.PlaybackStateCompat getPlaybackState()
    public abstract java.util.List getQueue()
    public abstract java.lang.CharSequence getQueueTitle()
    public abstract android.os.Bundle getExtras()
    public abstract int getRatingType()
    public abstract boolean isCaptioningEnabled()
    public abstract int getRepeatMode()
    public abstract boolean isShuffleModeEnabledRemoved()
    public abstract int getShuffleMode()
kotlin.reflect.TypeVariableImpl
androidx.annotation.InspectableProperty$EnumEntry
com.google.errorprone.annotations.concurrent.GuardedBy
androidx.media.MediaBrowserServiceCompat$MediaBrowserServiceImplApi26$1
com.google.android.gms.internal.measurement.zzle
com.google.android.gms.common.internal.ServiceSpecificExtraArgs
com.google.android.gms.ads.MediationUtils
androidx.media.AudioAttributesImpl:
    public abstract java.lang.Object getAudioAttributes()
    public abstract int getVolumeControlStream()
    public abstract int getLegacyStreamType()
    public abstract int getRawLegacyStreamType()
    public abstract int getContentType()
    public abstract int getUsage()
    public abstract int getFlags()
    public abstract android.os.Bundle toBundle()
com.google.common.base.Suppliers$SupplierFunction